<?xml version="1.0" encoding="UTF-8"?>
<!-- Generated by org.testng.reporters.JUnitReportReporter -->
<testsuite hostname="DESKTOP-ELQ2UQB" failures="0" tests="2" name="tests.TestExamples" time="3.305" errors="0" timestamp="2024-01-03T12:16:43 IST" skipped="0">
  <testcase classname="tests.TestExamples" name="test_2" time="1.171"/>
  <testcase classname="tests.TestExamples" name="test_1" time="2.134"/>
</testsuite> <!-- tests.TestExamples -->
